  FileName.cpp
D:\FUnrealCamp\언리얼 캠프 과제\Hotel\Hotel\FileName.h(18,13): warning C4267: '초기화 중': 'size_t'에서 'int'(으)로 변환하면서 데이터가 손실될 수 있습니다.
  (소스 파일 'FileName.cpp'을(를) 컴파일하는 중)
  
D:\FUnrealCamp\언리얼 캠프 과제\Hotel\Hotel\FileName.h(27,31): warning C4267: '=': 'size_t'에서 'int'(으)로 변환하면서 데이터가 손실될 수 있습니다.
  (소스 파일 'FileName.cpp'을(를) 컴파일하는 중)
  
D:\FUnrealCamp\언리얼 캠프 과제\Hotel\Hotel\FileName.h(55,18): warning C4267: '=': 'size_t'에서 '_Ty'(으)로 변환하면서 데이터가 손실될 수 있습니다.
D:\FUnrealCamp\언리얼 캠프 과제\Hotel\Hotel\FileName.h(55,18): warning C4267:         with
D:\FUnrealCamp\언리얼 캠프 과제\Hotel\Hotel\FileName.h(55,18): warning C4267:         [
D:\FUnrealCamp\언리얼 캠프 과제\Hotel\Hotel\FileName.h(55,18): warning C4267:             _Ty=int
D:\FUnrealCamp\언리얼 캠프 과제\Hotel\Hotel\FileName.h(55,18): warning C4267:         ]
  (소스 파일 'FileName.cpp'을(를) 컴파일하는 중)
  
D:\FUnrealCamp\언리얼 캠프 과제\Hotel\Hotel\FileName.h(64,21): warning C4267: '인수': 'size_t'에서 '_Ty'(으)로 변환하면서 데이터가 손실될 수 있습니다.
D:\FUnrealCamp\언리얼 캠프 과제\Hotel\Hotel\FileName.h(64,21): warning C4267:         with
D:\FUnrealCamp\언리얼 캠프 과제\Hotel\Hotel\FileName.h(64,21): warning C4267:         [
D:\FUnrealCamp\언리얼 캠프 과제\Hotel\Hotel\FileName.h(64,21): warning C4267:             _Ty=int
D:\FUnrealCamp\언리얼 캠프 과제\Hotel\Hotel\FileName.h(64,21): warning C4267:         ]
  (소스 파일 'FileName.cpp'을(를) 컴파일하는 중)
  
D:\FUnrealCamp\언리얼 캠프 과제\Hotel\Hotel\FileName.h(69,20): warning C4267: '인수': 'size_t'에서 '_Ty'(으)로 변환하면서 데이터가 손실될 수 있습니다.
D:\FUnrealCamp\언리얼 캠프 과제\Hotel\Hotel\FileName.h(69,20): warning C4267:         with
D:\FUnrealCamp\언리얼 캠프 과제\Hotel\Hotel\FileName.h(69,20): warning C4267:         [
D:\FUnrealCamp\언리얼 캠프 과제\Hotel\Hotel\FileName.h(69,20): warning C4267:             _Ty=int
D:\FUnrealCamp\언리얼 캠프 과제\Hotel\Hotel\FileName.h(69,20): warning C4267:         ]
  (소스 파일 'FileName.cpp'을(를) 컴파일하는 중)
  
D:\FUnrealCamp\언리얼 캠프 과제\Hotel\Hotel\FileName.h(73,22): warning C4267: 'return': 'size_t'에서 'int'(으)로 변환하면서 데이터가 손실될 수 있습니다.
  (소스 파일 'FileName.cpp'을(를) 컴파일하는 중)
  
D:\FUnrealCamp\언리얼 캠프 과제\Hotel\Hotel\FileName.cpp(5,1): warning C4326: 'main'의 반환 형식이 'int'이어야 하는데 'void'입니다.
  Hotel.vcxproj -> D:\FUnrealCamp\언리얼 캠프 과제\Hotel\x64\Debug\Hotel.exe
